


      PPPPPPPPPPPPP          AAA         RRRRRRRRRRRRRR          CCCCCCCCCC         SSSSSSSSSS   
      PPPPPPPPPPPPPPP       AAAAA        RRRRRRRRRRRRRRRR       CCCCCCCCCCCCC     SSSSSSSSSSSSS  
       PPPP      PPPP      AAAAAAA        RRRR       RRRRR     CCCC      CCCCC    SSSS      SSSSS
       PPPP       PPPP     AAA AAA        RRRR        RRRR    CCCC        CCCC   SSSS       SSSSS
       PPPP       PPPP    AAAA AAAA       RRRR        RRRR   CCCC                SSSSS           
       PPPP      PPPPP   AAAA   AAAA      RRRR       RRRR    CCCC                 SSSSSSSSSS     
       PPPPPPPPPPPPPP   AAAA     AAAA     RRRRRRRRRRRRRR     CCCC                   SSSSSSSSSSS  
       PPPPPPPPPPPP     AAAA     AAAA     RRRRRRRRRRR        CCCC                       SSSSSSSS 
       PPPP            AAAAAAAAAAAAAAA    RRRR    RRRRR      CCCC          CCC               SSSS
       PPPP            AAAAAAAAAAAAAAA    RRRR      RRRR     CCCC         CCCC   SSSS        SSSS
       PPPP           AAAA         AAAA   RRRR       RRRR     CCCC        CCCC   SSSS        SSSS
       PPPP           AAAA         AAAA   RRRR        RRRR    CCCCC      CCCC    SSSSS      SSSSS
      PPPPPP         AAAAA         AAAAA RRRRRR       RRRRRR   CCCCCCCCCCCCC      SSSSSSSSSSSSSS 
      PPPPPP         AAAAA         AAAAA RRRRRR       RRRRRR     CCCCCCCCCC         SSSSSSSSSS   



                              (Purdue Advanced Reactor Core Simulator)

                                          NRC - v32m21co                                                                 


           Executing Case depl-cyc1
           by xxx on xxx at 18:47:42, Mar. 19, 2020...                         
 


                                      Echo of Input Deck cyc1.inp
=====================================================================================================
CASEID depl-cyc1
!******************************************************************************
CNTL
     core_type      PWR
!
     th_fdbk        T
     xe_sm          1  1
!
     core_power     65.7
!                      A(1)  B(2)  C(3)  D(4)  SA(5) SB(6) SC(7) SD(8)  BP(9)
     bank_pos         400.0 400.0 400.0 186.0 400.0 400.0 400.0 400.0   0.0
!
     search         ppm    1.0   1500.0
!------------------------------------------------------------------------------
     depletion      T  1.0e-4  F
!                  TREE,nset,adf,xes,ene,j1f,chi,chd,vel,det,yld,cdf,gff,bet,lam,dht
     TREE_XS        T    17   T   T   F   F   F   F   F   T   T   F   F   F   F   F
!------------------------------------------------------------------------------
! Printing Options
!
! 1  Detailed input edit
! 2  Iteration history display
! 3  Planar power distributions
! 4  Detailed pin power distributions
! 5  Reactivity edit and adjoint flux
! 6  Feedback component reactivity edit
! 7  Integrated flux and precursor density edit
! 8  Planar flux distributions
! 9  Xe/Sm number densities
! 10 T/H state variables
! 11 1D collapsed group constants
! 12 Point Kinetics Data
! 13 Radial Power Shape
! 14 Radial Flux Shape
! 15 Harmonics
!                   1  2  3  4  5  6  7  8  9 10 11 12 13 14 15
     print_opt      T  F  T  T  F  F  F  F  F  F  F  F  F  F  F
!******************************************************************************
PARAM
     nlupd_ss       3  5  1
     n_iters        15  200
     conv_ss        1.0e-6 1.0e-5 5.0e-5 0.001
!     wielandt       5.0  10.0  1.0
!     NODAL_KERN     nemmg
     DECUSP         2
!     LSOLVER        1 1 20
!     CMFD   2
!******************************************************************************
XSEC
! group_spec     2  1
!******************************************************************************
GEOM
     geo_dim             9  9 27  1  1           !nasyx,nasyy,nz,nzbr,nztr
     rad_conf
     10 22 10 22 10 22 10 32 89
     22 10 23 10 22 10 34 30 89
     10 23 10 22 10 21 10 31 89
     22 10 22 10 22 10 33 30 89
     10 22 10 22 20 23 30 85 91
     22 10 21 10 23 32 30 89  0
     10 34 10 33 30 30 85 99  0
     32 30 31 30 85 81 99  0  0
     81 81 81 81 91  0  0  0  0
     grid_x              1*10.75 8*21.50
     neutmesh_x          1*1 8*1
     grid_y              1*10.75 8*21.50
     neutmesh_y          1*1 8*1
     grid_z        1*16.951  1*3.81  1*11.43  1*15.24  20*15.24  1*15.24  1*15.24  36.226
!                     Lower      Start     Start     Start      End     End      End
!                     Refl       Pyrex     WABA      IFBA       IFBA    WABA     Pyrex
!                                          IFBA-L                       IFBA-L   364.49
     boun_cond           0 2  0 2  2 2
     assy_type     10  1*11   1*1   1*1   1*1   20*1   1*1   1*1   1*12  FUEL  ! 2.1wt%
     assy_type     20  1*11   1*2   1*2   1*2   20*2   1*2   1*2   1*12  FUEL  ! 2.6wt%
     assy_type     21  1*11   1*3   1*3   1*3   20*3   1*3   1*3   1*12  FUEL  ! 2.6wt%-16
     assy_type     22  1*11   1*4   1*4   1*4   20*4   1*4   1*4   1*12  FUEL  ! 2.6wt%-20
     assy_type     23  1*11   1*5   1*5   1*5   20*5   1*5   1*5   1*12  FUEL  ! 2.6wt%-24
     assy_type     30  1*11   1*6   1*6   1*6   20*6   1*6   1*6   1*12  FUEL  ! 3.1wt%
     assy_type     31  1*11   1*7   1*7   1*7   20*7   1*7   1*7   1*12  FUEL  ! 3.1wt%-08
     assy_type     32  1*11   1*8   1*8   1*8   20*8   1*8   1*8   1*12  FUEL  ! 3.1wt%-12
     assy_type     33  1*11   1*9   1*9   1*9   20*9   1*9   1*9   1*12  FUEL  ! 3.1wt%-16
     assy_type     34  1*11   1*10  1*10  1*10  20*10  1*10  1*10  1*12  FUEL  ! 3.1wt%-24
     assy_type     81  27*13  REFL  ! 3.1 S
     assy_type     85  27*14  REFL  ! 3.1 SE
     assy_type     89  27*15  REFL  ! 3.1 E
     assy_type     91  27*16  REFL  ! no adf
     assy_type     99  27*17  REFL  ! corner
     crb_def   2   ! Total number of CR types
               1  0  2  1  0  1.27  102.87  361.95  500.0  ! Tip --> AIC -> B4C --> Follower
!              1      : first type, you only have one
!              3      : Needed a small plug for BP axial alignment
!              2      : PMAXS CR type 1, AIC
!              1      : PMAXS CR type 2, B4C
!              0      : PMAXS CR type 3, follower or empty
!              101.6  : From    0 to 101, is PMAXS CR Type 2
!              360.68 : From  101 to 360, is PMAXS CR Type 1
!              385.0  : From  360 to 285, is follower PMAXS 3
               2  1  0  360.68  500.0
!              Pyrex rods
      crb_type   8*1 1*2
     cr_axinfo      20.761 1.5875   ! Changed from 22.031 (5+17.031) to 20.761 to align BP rods
     bank_conf
       4  9  1  9  4  9  3  9  0
       9  0  9  0  9  6  9  0  0
       1  9  3  9  0  9  2  9  0
       9  0  9  1  9  7  9  0  0
       4  9  0  9  4  9  5  0  0
       9  6  9  8  9  9  0  0
       3  9  2  9  5  0  0  0
       9  0  9  0  0  0  0
       0  0  0  0  0
!*****************************************************************************
TH
    unif_th        0.74300 600.0 291.85       ! cool den, ftemp(C), ctemp(C)
!
    fa_powpit      17.673575  21.50             ! assembly power(Mw) and pitch(cm)    3411MW/193 assm =
    gamma_frac     0.019                        ! direc heating fraction
!
    flow_cond      291.67  85.963               ! tin,cmfrfa(Kg/sec)
!
    n_pingt        264 25                       ! npin,ngt
    pin_dim        4.096  4.750  0.57   0.602   ! pelletrad,cladrad,cladthick,rgt(mm)
    hgap           8000.0                       ! hgap(w/M^2-C)
    n_ring         8                            ! number of meshes in pellet
!
    thmesh_x       1*1  8*1                     ! Number of T/H Nodes per FA in X-dir
    thmesh_y       1*1  8*1                     ! Number of T/H Nodes per FA in y-dir
    thmesh_z       1 2 3 4 5 6 7 8 9 10 11 12 13 14 15 16 17 18 19 20 21 22 23 24 25 26 27
!
!*****************************************************************************
DEPL
!     INP_HST        'shuf-cyc12-2.dep' 1 2
!
     HST_OPT        T  T  T  T  F             !LHCR,LHDC,LHPC,LHTF,LHTC
     OUT_OPT        F  T  T  T  F             !PPOW,PHST,PTHS,PXESM,PXSS
     HCR_BPRA       T
!            Index                  PMAXS File Name                               Br_struct
!***********************************Fuel Regions*****************************************
     PMAXS_F   1    './xsec/2.11b.PMAX'          1
     PMAXS_F   2    './xsec/2.62b.PMAX'          2
     PMAXS_F   3    './xsec/2.62b_bp16.PMAX'     3
     PMAXS_F   4    './xsec/2.62b_bp20.PMAX'     4
     PMAXS_F   5    './xsec/2.62b_bp24.PMAX'     5
     PMAXS_F   6    './xsec/3.10b.PMAX'           6
     PMAXS_F   7    './xsec/3.10b_bp08.PMAX'      7
     PMAXS_F   8    './xsec/3.10b_bp12.PMAX'      8
     PMAXS_F   9    './xsec/3.10b_bp16.PMAX'      9
     PMAXS_F  10    './xsec/3.10b_bp24.PMAX'     10
!*****************************************************************
     PMAXS_F  11    './xsec/refl_bot.PMAX'     11
     PMAXS_F  12    './xsec/refl_top.PMAX'     12
!*****************************************************************
     PMAXS_F  13    './xsec/refl_rad_S.PMAX'   13
     PMAXS_F  14    './xsec/refl_rad_SE.PMAX'  14
     PMAXS_F  15    './xsec/refl_rad_E.PMAX'   15
     PMAXS_F  16    './xsec/refl_rad.PMAX'     16
     PMAXS_F  17    './xsec/refl_crn.PMAX'     17
!****************************************************************************************
MCYCLE
      bank_def   1   400.0 400.0 400.0 186.0 400.0 400.0 400.0 400.0   0.0
      bank_def   2   400.0 400.0 400.0 192.0 400.0 400.0 400.0 400.0   0.0
      bank_def   3   400.0 400.0 400.0 219.0 400.0 400.0 400.0 400.0   0.0
      bank_def   4   400.0 400.0 400.0 218.0 400.0 400.0 400.0 400.0   0.0
      bank_def   5   400.0 400.0 400.0 219.0 400.0 400.0 400.0 400.0   0.0
      bank_def   6   400.0 400.0 400.0 215.0 400.0 400.0 400.0 400.0   0.0
      bank_def   7   400.0 400.0 400.0 217.0 400.0 400.0 400.0 400.0   0.0
      bank_def   8   400.0 400.0 400.0 220.0 400.0 400.0 400.0 400.0   0.0
      bank_def   9   400.0 400.0 400.0 220.0 400.0 400.0 400.0 400.0   0.0
      bank_def  10   400.0 400.0 400.0 219.0 400.0 400.0 400.0 400.0   0.0
      bank_def  11   400.0 400.0 400.0 214.0 400.0 400.0 400.0 400.0   0.0
      bank_def  12   400.0 400.0 400.0 216.0 400.0 400.0 400.0 400.0   0.0
      bank_def  13   400.0 400.0 400.0 214.0 400.0 400.0 400.0 400.0   0.0
      bank_def  14   400.0 400.0 400.0 220.0 400.0 400.0 400.0 400.0   0.0
      bank_def  15   400.0 400.0 400.0 218.0 400.0 400.0 400.0 400.0   0.0
      bank_def  16   400.0 400.0 400.0 222.0 400.0 400.0 400.0 400.0   0.0
      bank_def  17   400.0 400.0 400.0 220.0 400.0 400.0 400.0 400.0   0.0
      bank_def  18   400.0 400.0 400.0 222.0 400.0 400.0 400.0 400.0   0.0
      bank_def  19   400.0 400.0 400.0 211.0 400.0 400.0 400.0 400.0   0.0
      bank_def  20   400.0 400.0 400.0 215.0 400.0 400.0 400.0 400.0   0.0
      bank_def  21   400.0 400.0 400.0 211.0 400.0 400.0 400.0 400.0   0.0
      bank_def  22   400.0 400.0 400.0 217.0 400.0 400.0 400.0 400.0   0.0
      bank_def  23   400.0 400.0 400.0 215.0 400.0 400.0 400.0 400.0   0.0
      bank_def  24   400.0 400.0 400.0 220.0 400.0 400.0 400.0 400.0   0.0
      bank_def  25   400.0 400.0 400.0 219.0 400.0 400.0 400.0 400.0   0.0
      bank_def  26   400.0 400.0 400.0 202.0 400.0 400.0 400.0 400.0   0.0
      bank_def  27   400.0 400.0 400.0 220.0 400.0 400.0 400.0 400.0   0.0
      bank_def  28   400.0 400.0 400.0 224.0 400.0 400.0 400.0 400.0   0.0
      bank_def  29   400.0 400.0 400.0 228.0 400.0 400.0 400.0 400.0   0.0
      bank_def  30   400.0 400.0 400.0 230.0 400.0 400.0 400.0 400.0   0.0
      cycle_def     1
      bpra_pos          0     0     0     0     0     0     0     0     1
      depl_step       -0.346 -0.883 -0.691 -0.538 -0.538 -0.565 -0.503 -0.58 -0.495 -0.561 -0.572 -0.726 -0.465 -0.515 -0.514 -0.649 -0.461 -0.742 -0.499 -0.472 -0.672 -0.565 -0.807 -0.975 -0.734 -0.242 -0.465 -0.495 -0.669
      bank_seq       1      2      3      4      5      6      7      8      9     10     11     12     13     14     15     16     17     18     19     20     21     22     23     24     25     26     27     28     29    30.0
      power_lev     0.1   65.7   99.7   98.0  100.0   99.7   99.7   99.8   99.8   99.5   98.0   95.1   94.8   99.8   93.9  100.1   99.7  100.2   95.6   96.4   93.4   99.7   98.0   99.4   99.9   86.9   99.6   89.9   78.8   64.5
      inlet_ent  -564.9 -565.2 -565.5 -565.5 -565.8 -565.8 -565.8 -565.9 -565.6 -565.4 -565.4 -565.4 -565.4 -565.3 -565.1 -565.4 -565.3 -565.2 -565.4 -565.5 -565.1 -565.1 -565.2 -565.3 -565.3 -564.7 -565.4 -564.9 -564.5 -563.7
      flow_rate     30*85.93
      LOCATION
        1  2  3  4  5  6  7  8
        9 10 11 12 13 14 15 16
       17 18 19 20 21 22 23 24
       25 26 27 28 29 30 31 32
       33 34 35 36 37 38 39
       40 41 42 43 44 45 46
       47 48 49 50 51 52
       53 54 55 56
      SHUF_MAP   1   1           ! shuf index, shuf mode: 1-individual; 2-batch
        1  2  3  4  5  6  7  8
        9 10 11 12 13 14 15 16
       17 18 19 20 21 22 23 24
       25 26 27 28 29 30 31 32
       33 34 35 36 37 38 39
       40 41 42 43 44 45 46
       47 48 49 50 51 52
       53 54 55 56
      CYCLE_IND    1   0   1
      CONV_EC    0.1   1      ! convergence criterion (GWD/T), max number of iteration
.
 00:00.02  Input Processing Completed.
 00:00.46  Performing Steady-State Eigenvalue Calculation...                

     ***************************************************************
                            Problem Description
     ***************************************************************

 
= Geometry : Cartesian

= Control Rod Description
    Core Type                                    : PWR (control rod traveling from top to bottom)
   Number of control rod banks                   :    9
   Fully inserted position
   from the bottom reflector (cm)                :    20.761
   Step Size (cm)                                :     1.587
 
   Initial control bank position (steps)
 
 4.00000E+02 4.00000E+02 4.00000E+02 1.86000E+02 4.00000E+02 4.00000E+02 4.00000E+02 4.00000E+02 0.00000E+00
 
          0 means fully inserted

   Control Bank Configuration

         4   9   1   9   4   9   3   9   0
         9   0   9   0   9   6   9   0   0
         1   9   3   9   0   9   2   9   0
         9   0   9   1   9   7   9   0   0
         4   9   0   9   4   9   5   0   0
         9   6   9   8   9   9   0   0
         3   9   2   9   5   0   0   0
         9   0   9   0   0   0   0
         0   0   0   0   0
 
 Assemblies Belonging to Each Bank
    1    3   19   31
    2   25   56
    3    7   21   54
    4    1    5   37   41
    5   43   58
    6   15   47
    7   33
    8   49
    9    2    4    6    8   10   12   14   16   20   22   24   26   28   30   32   34   38   40   42   46   48   50   51   55   57   62   64
 
 Radial Node Number Correspondence
 
    0   -8   -7   -6   -5   -4   -3   -2   -1    0    0
  -17    1    2    3    4    5    6    7    8    9   83
  -16   10   11   12   13   14   15   16   17   18   84
  -15   19   20   21   22   23   24   25   26   27   85
  -14   28   29   30   31   32   33   34   35   36   86
  -13   37   38   39   40   41   42   43   44   45   87
  -12   46   47   48   49   50   51   52   53   82   88
  -11   54   55   56   57   58   59   60   61   89   89
  -10   62   63   64   65   66   67   68   81    0   90
   -9   69   70   71   72   73   79   80    0    0   91
    0   74   75   76   77   78   79   80   81   82   92
 Node Number to X-Y Coordiantes
 
   Node Number ( X , Y )
 
    1(    1,    1)    2(    2,    1)    3(    3,    1)    4(    4,    1)    5(    5,    1)
    6(    6,    1)    7(    7,    1)    8(    8,    1)    9(    9,    1)   10(    1,    2)
   11(    2,    2)   12(    3,    2)   13(    4,    2)   14(    5,    2)   15(    6,    2)
   16(    7,    2)   17(    8,    2)   18(    9,    2)   19(    1,    3)   20(    2,    3)
   21(    3,    3)   22(    4,    3)   23(    5,    3)   24(    6,    3)   25(    7,    3)
   26(    8,    3)   27(    9,    3)   28(    1,    4)   29(    2,    4)   30(    3,    4)
   31(    4,    4)   32(    5,    4)   33(    6,    4)   34(    7,    4)   35(    8,    4)
   36(    9,    4)   37(    1,    5)   38(    2,    5)   39(    3,    5)   40(    4,    5)
   41(    5,    5)   42(    6,    5)   43(    7,    5)   44(    8,    5)   45(    9,    5)
   46(    1,    6)   47(    2,    6)   48(    3,    6)   49(    4,    6)   50(    5,    6)
   51(    6,    6)   52(    7,    6)   53(    8,    6)   54(    1,    7)   55(    2,    7)
   56(    3,    7)   57(    4,    7)   58(    5,    7)   59(    6,    7)   60(    7,    7)
   61(    8,    7)   62(    1,    8)   63(    2,    8)   64(    3,    8)   65(    4,    8)
   66(    5,    8)   67(    6,    8)   68(    7,    8)   69(    1,    9)   70(    2,    9)
   71(    3,    9)   72(    4,    9)   73(    5,    9)
  -17(    0,    1)  -16(    0,    2)  -15(    0,    3)  -14(    0,    4)  -13(    0,    5)
  -12(    0,    6)  -11(    0,    7)  -10(    0,    8)   -9(    0,    9)   -8(    1,    0)
   -7(    2,    0)   -6(    3,    0)   -5(    4,    0)   -4(    5,    0)   -3(    6,    0)
   -2(    7,    0)   -1(    8,    0)    0(    9,    0)
   74(    1,   10)   75(    2,   10)   76(    3,   10)   77(    4,   10)   78(    5,   10)
   79(    6,    9)   80(    7,    9)   81(    8,    8)   82(    9,    6)   83(   10,    1)
   84(   10,    2)   85(   10,    3)   86(   10,    4)   87(   10,    5)   88(    9,    6)
   89(    9,    7)   90(    8,    8)   91(    6,    9)
 
 Node Number to Assembly Node
 
   ( Node Number , Assembly Number )
 
(    1,    1)(    2,    2)(    3,    3)(    4,    4)(    5,    5)(    6,    6)(    7,    7)(    8,    8)(    9,    9)(   10,   10)
(   11,   11)(   12,   12)(   13,   13)(   14,   14)(   15,   15)(   16,   16)(   17,   17)(   18,   18)(   19,   19)(   20,   20)
(   21,   21)(   22,   22)(   23,   23)(   24,   24)(   25,   25)(   26,   26)(   27,   27)(   28,   28)(   29,   29)(   30,   30)
(   31,   31)(   32,   32)(   33,   33)(   34,   34)(   35,   35)(   36,   36)(   37,   37)(   38,   38)(   39,   39)(   40,   40)
(   41,   41)(   42,   42)(   43,   43)(   44,   44)(   45,   45)(   46,   46)(   47,   47)(   48,   48)(   49,   49)(   50,   50)
(   51,   51)(   52,   52)(   53,   53)(   54,   54)(   55,   55)(   56,   56)(   57,   57)(   58,   58)(   59,   59)(   60,   60)
(   61,   61)(   62,   62)(   63,   63)(   64,   64)(   65,   65)(   66,   66)(   67,   67)(   68,   68)(   69,   69)(   70,   70)
(   71,   71)(   72,   72)(   73,   73)(
 
 Node Number to Fuel Assembly Node
 
   ( Node Number , Assembly Number )
 
(    1,    1)(    2,    2)(    3,    3)(    4,    4)(    5,    5)(    6,    6)(    7,    7)(    8,    8)(    9,    0)(   10,    9)
(   11,   10)(   12,   11)(   13,   12)(   14,   13)(   15,   14)(   16,   15)(   17,   16)(   18,    0)(   19,   17)(   20,   18)
(   21,   19)(   22,   20)(   23,   21)(   24,   22)(   25,   23)(   26,   24)(   27,    0)(   28,   25)(   29,   26)(   30,   27)
(   31,   28)(   32,   29)(   33,   30)(   34,   31)(   35,   32)(   36,    0)(   37,   33)(   38,   34)(   39,   35)(   40,   36)
(   41,   37)(   42,   38)(   43,   39)(   44,    0)(   45,    0)(   46,   40)(   47,   41)(   48,   42)(   49,   43)(   50,   44)
(   51,   45)(   52,   46)(   53,    0)(   54,   47)(   55,   48)(   56,   49)(   57,   50)(   58,   51)(   59,   52)(   60,    0)
(   61,    0)(   62,   53)(   63,   54)(   64,   55)(   65,   56)(   66,    0)(   67,    0)(   68,    0)(   69,    0)(   70,    0)
(   71,    0)(   72,    0)(   73,    0)(
 
 Nodes belonging to Each Fuel Assembly
 
    Assembly No.    Node Number 
 
    1    1
    2    2
    3    3
    4    4
    5    5
    6    6
    7    7
    8    8
    9   10
   10   11
   11   12
   12   13
   13   14
   14   15
   15   16
   16   17
   17   19
   18   20
   19   21
   20   22
   21   23
   22   24
   23   25
   24   26
   25   28
   26   29
   27   30
   28   31
   29   32
   30   33
   31   34
   32   35
   33   37
   34   38
   35   39
   36   40
   37   41
   38   42
   39   43
   40   46
   41   47
   42   48
   43   49
   44   50
   45   51
   46   52
   47   54
   48   55
   49   56
   50   57
   51   58
   52   59
   53   62
   54   63
   55   64
   56   65
 
= Group Constants for Each Composition

    Comp   Energy  Diffusion
 
   Delta XS for Control Rods
    Comp     Energy  
   Number    Group   Transport    Absorption     nuFiss    Scattering
 
   Delta XS assignment to XS compositions

     composition  Del XS 
        type       type  
 
= External T/H On?                                         [X]
= T/H feedback On?                                         [O]
= Decay Heat On?                                           [X]
= Transient On?                                            [X]
= Restart?                                                 [X]
= Pin Power On?                                            [X]
= Xe/Sm Calculation                                        Equilibrium
= Problem type                                             Eigenvalue Problem
  Initial Soluble Boron guess                                500.000
 
= Print Options
  Detailed input explanation?                              [O]
  Display screen output?                                   [X]
  Planar power distribution?                               [O]
  Detailed pin power edits?                                [O]
  Adjoint flux and reactivity?                             [X]
  Feedback component reactivity?                           [X]
  Integrated flux/precursor distribution?                  [X]
  Planar flux distribution?                                [X]
  Planar Xe/Sm distribution?                               [X]
  T/H outputs?                                             [X]
  Collapsed One-D Xsecs?                                   [X]
  Point Kinetics Parameters?                               [X]
 
= Iteration control parameters
   Maximum number of inner iteration             :   15
   Maximum number of outer iteration             :              200
   Criterion for convergence check
      eigenvalue convergence                     :  1.00000E-06
      relative residual 2-norm                   :  1.00000E-05
      maximum relative residual                  :  5.00000E-05
   Data for Wielandt shift acceleration
      Eigenvalue estimation error factor for Wiel:  1.00000E+01
      Parameter for Wielandt shift fraction      :  4.00000E-02
   Nonlinear nodal calculation                   : [ON]
      Initial number of outer iteration          :    5
      Nonlinear update frequency                 :    3
      T/H cal. frequency per Nonlinear update    :    1
      Criterion to determine the critical node   :  5.00000E-03
      Rod cusping correction                     : [OFF]
   Nodal kernel                                  : HYBRID
 
= T/H control parameters and flags
   Nominal power per fuel assembly (W)           :  1.76736E+07
   Fraction of heat deposited directly into coola:  1.90000E-02
   Fraction of heat deposited into vessel bypass :  0.00000E+00
   Fraction of heat deposited into water rod     :  0.00000E+00
 
 
 ================================================
   Steady State Eigenvalue Calculation Results
 ================================================
 
 leakage fraction from fuel region: 3.2639%,  absorption fraction in reflector 2.9859%,  leakage fraction from system: 0.2780%
 leakage fraction from fuel region: 3.2625%,  absorption fraction in reflector 2.9440%,  leakage fraction from system: 0.3185%
 leakage fraction from fuel region: 3.2412%,  absorption fraction in reflector 2.8965%,  leakage fraction from system: 0.3447%
Caution: instantaneous variables out of range! You can increase either XS data range or extrapolation range with XS_EXTRAP card in cntl block!
 leakage fraction from fuel region: 3.1992%,  absorption fraction in reflector 2.8521%,  leakage fraction from system: 0.3470%
Caution: instantaneous variables out of range! You can increase either XS data range or extrapolation range with XS_EXTRAP card in cntl block!
 leakage fraction from fuel region: 3.1956%,  absorption fraction in reflector 2.8400%,  leakage fraction from system: 0.3555%
Caution: instantaneous variables out of range! You can increase either XS data range or extrapolation range with XS_EXTRAP card in cntl block!
 leakage fraction from fuel region: 3.1873%,  absorption fraction in reflector 2.8268%,  leakage fraction from system: 0.3605%
Caution: instantaneous variables out of range! You can increase either XS data range or extrapolation range with XS_EXTRAP card in cntl block!
 leakage fraction from fuel region: 3.1896%,  absorption fraction in reflector 2.8208%,  leakage fraction from system: 0.3688%
Caution: instantaneous variables out of range! You can increase either XS data range or extrapolation range with XS_EXTRAP card in cntl block!
 leakage fraction from fuel region: 3.1978%,  absorption fraction in reflector 2.8201%,  leakage fraction from system: 0.3777%
Caution: instantaneous variables out of range! You can increase either XS data range or extrapolation range with XS_EXTRAP card in cntl block!
 leakage fraction from fuel region: 3.2037%,  absorption fraction in reflector 2.8181%,  leakage fraction from system: 0.3856%
Caution: instantaneous variables out of range! You can increase either XS data range or extrapolation range with XS_EXTRAP card in cntl block!
 leakage fraction from fuel region: 3.2095%,  absorption fraction in reflector 2.8178%,  leakage fraction from system: 0.3917%
Caution: instantaneous variables out of range! You can increase either XS data range or extrapolation range with XS_EXTRAP card in cntl block!
 leakage fraction from fuel region: 3.2137%,  absorption fraction in reflector 2.8166%,  leakage fraction from system: 0.3971%
Caution: instantaneous variables out of range! You can increase either XS data range or extrapolation range with XS_EXTRAP card in cntl block!
 leakage fraction from fuel region: 3.2252%,  absorption fraction in reflector 2.8201%,  leakage fraction from system: 0.4051%
 leakage fraction from fuel region: 3.2515%,  absorption fraction in reflector 2.8340%,  leakage fraction from system: 0.4174%
 leakage fraction from fuel region: 3.2945%,  absorption fraction in reflector 2.8599%,  leakage fraction from system: 0.4346%
Caution: instantaneous variables out of range! You can increase either XS data range or extrapolation range with XS_EXTRAP card in cntl block!
 leakage fraction from fuel region: 3.3008%,  absorption fraction in reflector 2.8633%,  leakage fraction from system: 0.4375%
 leakage fraction from fuel region: 3.3573%,  absorption fraction in reflector 2.8981%,  leakage fraction from system: 0.4591%
Caution: instantaneous variables out of range! You can increase either XS data range or extrapolation range with XS_EXTRAP card in cntl block!
 leakage fraction from fuel region: 3.3919%,  absorption fraction in reflector 2.9202%,  leakage fraction from system: 0.4716%
Caution: instantaneous variables out of range! You can increase either XS data range or extrapolation range with XS_EXTRAP card in cntl block!
 leakage fraction from fuel region: 3.4273%,  absorption fraction in reflector 2.9428%,  leakage fraction from system: 0.4844%
Caution: instantaneous variables out of range! You can increase either XS data range or extrapolation range with XS_EXTRAP card in cntl block!
 leakage fraction from fuel region: 3.4509%,  absorption fraction in reflector 2.9596%,  leakage fraction from system: 0.4912%
 leakage fraction from fuel region: 3.4926%,  absorption fraction in reflector 2.9860%,  leakage fraction from system: 0.5066%
 leakage fraction from fuel region: 3.5119%,  absorption fraction in reflector 3.0002%,  leakage fraction from system: 0.5117%
 leakage fraction from fuel region: 3.5891%,  absorption fraction in reflector 3.0477%,  leakage fraction from system: 0.5415%
 leakage fraction from fuel region: 3.6235%,  absorption fraction in reflector 3.0705%,  leakage fraction from system: 0.5531%
 leakage fraction from fuel region: 3.6945%,  absorption fraction in reflector 3.1149%,  leakage fraction from system: 0.5796%
 leakage fraction from fuel region: 3.7624%,  absorption fraction in reflector 3.1564%,  leakage fraction from system: 0.6060%
 leakage fraction from fuel region: 3.7562%,  absorption fraction in reflector 3.1608%,  leakage fraction from system: 0.5954%
 leakage fraction from fuel region: 3.8275%,  absorption fraction in reflector 3.1949%,  leakage fraction from system: 0.6326%
 leakage fraction from fuel region: 3.8334%,  absorption fraction in reflector 3.2063%,  leakage fraction from system: 0.6271%
 leakage fraction from fuel region: 3.8476%,  absorption fraction in reflector 3.2224%,  leakage fraction from system: 0.6252%
 leakage fraction from fuel region: 3.8657%,  absorption fraction in reflector 3.2422%,  leakage fraction from system: 0.6235%
 
   K-Effective:     1.000000
   Boron Conc:      21.48
   Core Power Level: 6.450000E-01
 
 Assembly Power Distribution
 
     #.####   box power
 
            1       2       3       4       5       6       7       8
      1   1.0300  1.0927  1.0326  1.1030  1.0498  1.1167  1.0026  0.8006
      2   1.0927  1.0304  1.0927  1.0395  1.1124  1.0495  1.1138  0.8195
      3   1.0326  1.0927  1.0374  1.1092  1.0516  1.1152  0.9788  0.7705
      4   1.1030  1.0395  1.1092  1.0577  1.1349  1.0472  1.0304  0.6322
      5   1.0498  1.1124  1.0516  1.1349  1.1651  1.0850  0.8953
      6   1.1167  1.0495  1.1152  1.0472  1.0850  1.0376  0.6553
      7   1.0026  1.1138  0.9788  1.0304  0.8953  0.6553
      8   0.8006  0.8195  0.7705  0.6322
 
        Maximum Pos.   Maximum Value 
         (  5,  5 )   1.1651
 
 Axial Power Distribution
 
 Distance(cm)  Power       Plane     Mesh
 from Bottom               Number    (cm)
      1.91     0.434          2       3.81
      9.53     0.598          3      11.43
     22.86     0.798          4      15.24
     38.10     0.895          5      15.24
     53.34     0.913          6      15.24
     68.58     0.900          7      15.24
     83.82     0.881          8      15.24
     99.06     0.868          9      15.24
    114.30     0.863         10      15.24
    129.54     0.866         11      15.24
    144.78     0.877         12      15.24
    160.02     0.894         13      15.24
    175.26     0.917         14      15.24
    190.50     0.945         15      15.24
    205.74     0.979         16      15.24
    220.98     1.020         17      15.24
    236.22     1.069         18      15.24
    251.46     1.127         19      15.24
    266.70     1.194         20      15.24
    281.94     1.267         21      15.24
    297.18     1.338         22      15.24
    312.42     1.385         23      15.24
    327.66     1.367         24      15.24
    342.90     1.223         25      15.24
    358.14     0.857         26      15.24
 
  Maximum Pos.    Maximum Value 
      23              1.3846
 

  Fq (Pin)   1.6162


 Planar Power Distribution at Plane           2
 
     #.####   box power
 
            1       2       3       4       5       6       7       8
      1   0.4586  0.4943  0.4595  0.4987  0.4652  0.4963  0.4245  0.3269
      2   0.4943  0.4584  0.4920  0.4632  0.5021  0.4602  0.4863  0.3329
      3   0.4595  0.4920  0.4620  0.5027  0.4680  0.4978  0.4132  0.3121
      4   0.4987  0.4632  0.5027  0.4717  0.5095  0.4536  0.4409  0.2453
      5   0.4652  0.5021  0.4680  0.5095  0.5167  0.4608  0.3675
      6   0.4963  0.4602  0.4978  0.4536  0.4608  0.4315  0.2540
      7   0.4245  0.4863  0.4132  0.4409  0.3675  0.2540
      8   0.3269  0.3329  0.3121  0.2453
 
        Maximum Pos.   Maximum Value 
         (  5,  5 )   0.5167
 
 Planar Power Distribution at Plane           3
 
     #.####   box power
 
            1       2       3       4       5       6       7       8
      1   0.6352  0.6646  0.6375  0.6706  0.6458  0.6700  0.6007  0.4497
      2   0.6646  0.6362  0.6560  0.6426  0.6752  0.6426  0.6459  0.4769
      3   0.6375  0.6560  0.6416  0.6754  0.6502  0.6756  0.5872  0.4360
      4   0.6706  0.6426  0.6754  0.6545  0.6867  0.6367  0.5990  0.3565
      5   0.6458  0.6752  0.6502  0.6867  0.7161  0.6213  0.5254
      6   0.6700  0.6426  0.6756  0.6367  0.6213  0.5959  0.3694
      7   0.6007  0.6459  0.5872  0.5990  0.5254  0.3694
      8   0.4497  0.4769  0.4360  0.3565
 
        Maximum Pos.   Maximum Value 
         (  5,  5 )   0.7161
 
 Planar Power Distribution at Plane           4
 
     #.####   box power
 
            1       2       3       4       5       6       7       8
      1   0.8255  0.8784  0.8298  0.8868  0.8413  0.8945  0.7992  0.6198
      2   0.8784  0.8278  0.8745  0.8358  0.8946  0.8424  0.8813  0.6473
      3   0.8298  0.8745  0.8344  0.8934  0.8464  0.8976  0.7811  0.5996
      4   0.8868  0.8358  0.8934  0.8513  0.9127  0.8392  0.8163  0.4911
      5   0.8413  0.8946  0.8464  0.9127  0.9385  0.8544  0.7113
      6   0.8945  0.8424  0.8976  0.8392  0.8544  0.8179  0.5103
      7   0.7992  0.8813  0.7811  0.8163  0.7113  0.5103
      8   0.6198  0.6473  0.5996  0.4911
 
        Maximum Pos.   Maximum Value 
         (  5,  5 )   0.9385
 
 Planar Power Distribution at Plane           5
 
     #.####   box power
 
            1       2       3       4       5       6       7       8
      1   0.9085  0.9726  0.9151  0.9827  0.9289  1.0020  0.8990  0.7170
      2   0.9726  0.9126  0.9752  0.9213  0.9933  0.9355  1.0075  0.7379
      3   0.9151  0.9752  0.9200  0.9898  0.9345  1.0016  0.8776  0.6910
      4   0.9827  0.9213  0.9898  0.9388  1.0166  0.9364  0.9315  0.5654
      5   0.9289  0.9933  0.9345  1.0166  1.0418  0.9807  0.8082
      6   1.0020  0.9355  1.0016  0.9364  0.9807  0.9405  0.5878
      7   0.8990  1.0075  0.8776  0.9315  0.8082  0.5878
      8   0.7170  0.7379  0.6910  0.5654
 
        Maximum Pos.   Maximum Value 
         (  5,  5 )   1.0418
 
 Planar Power Distribution at Plane           6
 
     #.####   box power
 
            1       2       3       4       5       6       7       8
      1   0.9139  0.9812  0.9217  0.9925  0.9374  1.0189  0.9209  0.7467
      2   0.9812  0.9190  0.9864  0.9282  1.0048  0.9500  1.0371  0.7627
      3   0.9217  0.9864  0.9269  0.9999  0.9432  1.0173  0.8989  0.7182
      4   0.9925  0.9282  0.9999  0.9467  1.0305  0.9552  0.9591  0.5877
      5   0.9374  1.0048  0.9432  1.0305  1.0574  1.0102  0.8325
      6   1.0189  0.9500  1.0173  0.9552  1.0102  0.9728  0.6107
      7   0.9209  1.0371  0.8989  0.9591  0.8325  0.6107
      8   0.7467  0.7627  0.7182  0.5877
 
        Maximum Pos.   Maximum Value 
         (  5,  5 )   1.0574
 
 Planar Power Distribution at Plane           7
 
     #.####   box power
 
            1       2       3       4       5       6       7       8
      1   0.8939  0.9595  0.9023  0.9716  0.9196  1.0025  0.9126  0.7449
      2   0.9595  0.8994  0.9657  0.9093  0.9853  0.9352  1.0267  0.7587
      3   0.9023  0.9657  0.9077  0.9792  0.9257  1.0011  0.8913  0.7160
      4   0.9716  0.9093  0.9792  0.9283  1.0121  0.9403  0.9510  0.5865
      5   0.9196  0.9853  0.9257  1.0121  1.0400  1.0007  0.8260
      6   1.0025  0.9352  1.0011  0.9403  1.0007  0.9662  0.6089
      7   0.9126  1.0267  0.8913  0.9510  0.8260  0.6089
      8   0.7449  0.7587  0.7160  0.5865
 
        Maximum Pos.   Maximum Value 
         (  5,  5 )   1.0400
 
 Planar Power Distribution at Plane           8
 
     #.####   box power
 
            1       2       3       4       5       6       7       8
      1   0.8716  0.9351  0.8802  0.9478  0.8988  0.9813  0.8961  0.7346
      2   0.9351  0.8772  0.9417  0.8877  0.9624  0.9160  1.0081  0.7469
      3   0.8802  0.9417  0.8859  0.9556  0.9051  0.9800  0.8754  0.7059
      4   0.9478  0.8877  0.9556  0.9071  0.9894  0.9216  0.9342  0.5783
      5   0.8988  0.9624  0.9051  0.9894  1.0176  0.9818  0.8116
      6   0.9813  0.9160  0.9800  0.9216  0.9818  0.9490  0.5997
      7   0.8961  1.0081  0.8754  0.9342  0.8116  0.5997
      8   0.7346  0.7469  0.7059  0.5783
 
        Maximum Pos.   Maximum Value 
         (  5,  5 )   1.0176
 
 Planar Power Distribution at Plane           9
 
     #.####   box power
 
            1       2       3       4       5       6       7       8
      1   0.8566  0.9184  0.8652  0.9316  0.8847  0.9664  0.8823  0.7260
      2   0.9184  0.8621  0.9251  0.8732  0.9468  0.9026  0.9938  0.7370
      3   0.8652  0.9251  0.8711  0.9396  0.8912  0.9652  0.8632  0.6969
      4   0.9316  0.8732  0.9396  0.8928  0.9737  0.9082  0.9208  0.5710
      5   0.8847  0.9468  0.8912  0.9737  1.0019  0.9670  0.7999
      6   0.9664  0.9026  0.9652  0.9082  0.9670  0.9348  0.5915
      7   0.8823  0.9938  0.8632  0.9208  0.7999  0.5915
      8   0.7260  0.7370  0.6969  0.5710
 
        Maximum Pos.   Maximum Value 
         (  5,  5 )   1.0019
 
 Planar Power Distribution at Plane          10
 
     #.####   box power
 
            1       2       3       4       5       6       7       8
      1   0.8513  0.9123  0.8600  0.9259  0.8801  0.9609  0.8775  0.7217
      2   0.9123  0.8568  0.9190  0.8683  0.9414  0.8979  0.9876  0.7326
      3   0.8600  0.9190  0.8661  0.9340  0.8866  0.9598  0.8585  0.6928
      4   0.9259  0.8683  0.9340  0.8882  0.9682  0.9033  0.9150  0.5677
      5   0.8801  0.9414  0.8866  0.9682  0.9962  0.9606  0.7946
      6   0.9609  0.8979  0.9598  0.9033  0.9606  0.9282  0.5877
      7   0.8775  0.9876  0.8585  0.9150  0.7946  0.5877
      8   0.7217  0.7326  0.6928  0.5677
 
        Maximum Pos.   Maximum Value 
         (  5,  5 )   0.9962
 
 Planar Power Distribution at Plane          11
 
     #.####   box power
 
            1       2       3       4       5       6       7       8
      1   0.8554  0.9162  0.8642  0.9301  0.8846  0.9646  0.8819  0.7229
      2   0.9162  0.8609  0.9229  0.8727  0.9458  0.9021  0.9901  0.7343
      3   0.8642  0.9229  0.8705  0.9384  0.8913  0.9639  0.8616  0.6945
      4   0.9301  0.8727  0.9384  0.8929  0.9725  0.9071  0.9174  0.5691
      5   0.8846  0.9458  0.8913  0.9725  1.0004  0.9632  0.7965
      6   0.9646  0.9021  0.9639  0.9071  0.9632  0.9299  0.5889
      7   0.8819  0.9901  0.8616  0.9174  0.7965  0.5889
      8   0.7229  0.7343  0.6945  0.5691
 
        Maximum Pos.   Maximum Value 
         (  5,  5 )   1.0004
 
 Planar Power Distribution at Plane          12
 
     #.####   box power
 
            1       2       3       4       5       6       7       8
      1   0.8675  0.9286  0.8764  0.9429  0.8970  0.9769  0.8924  0.7302
      2   0.9286  0.8731  0.9354  0.8852  0.9586  0.9141  1.0010  0.7419
      3   0.8764  0.9354  0.8829  0.9514  0.9039  0.9763  0.8717  0.7016
      4   0.9429  0.8852  0.9514  0.9056  0.9854  0.9187  0.9272  0.5749
      5   0.8970  0.9586  0.9039  0.9854  1.0133  0.9739  0.8049
      6   0.9769  0.9141  0.9763  0.9187  0.9739  0.9393  0.5948
      7   0.8924  1.0010  0.8717  0.9272  0.8049  0.5948
      8   0.7302  0.7419  0.7016  0.5749
 
        Maximum Pos.   Maximum Value 
         (  5,  5 )   1.0133
 
 Planar Power Distribution at Plane          13
 
     #.####   box power
 
            1       2       3       4       5       6       7       8
      1   0.8864  0.9484  0.8954  0.9628  0.9162  0.9963  0.9091  0.7425
      2   0.9484  0.8920  0.9551  0.9044  0.9786  0.9327  1.0189  0.7546
      3   0.8954  0.9551  0.9021  0.9716  0.9232  0.9957  0.8880  0.7134
      4   0.9628  0.9044  0.9716  0.9252  1.0056  0.9369  0.9435  0.5847
      5   0.9162  0.9786  0.9232  1.0056  1.0335  0.9914  0.8189
      6   0.9963  0.9327  0.9957  0.9369  0.9914  0.9552  0.6049
      7   0.9091  1.0189  0.8880  0.9435  0.8189  0.6049
      8   0.7425  0.7546  0.7134  0.5847
 
        Maximum Pos.   Maximum Value 
         (  5,  5 )   1.0335
 
 Planar Power Distribution at Plane          14
 
     #.####   box power
 
            1       2       3       4       5       6       7       8
      1   0.9113  0.9745  0.9204  0.9892  0.9413  1.0220  0.9313  0.7593
      2   0.9745  0.9170  0.9812  0.9296  1.0049  0.9572  1.0430  0.7717
      3   0.9204  0.9812  0.9273  0.9982  0.9485  1.0214  0.9096  0.7295
      4   0.9892  0.9296  0.9982  0.9509  1.0322  0.9609  0.9656  0.5980
      5   0.9413  1.0049  0.9485  1.0322  1.0603  1.0151  0.8379
      6   1.0220  0.9572  1.0214  0.9609  1.0151  0.9770  0.6187
      7   0.9313  1.0430  0.9096  0.9656  0.8379  0.6187
      8   0.7593  0.7717  0.7295  0.5980
 
        Maximum Pos.   Maximum Value 
         (  5,  5 )   1.0603
 
 Planar Power Distribution at Plane          15
 
     #.####   box power
 
            1       2       3       4       5       6       7       8
      1   0.9421  1.0069  0.9513  1.0217  0.9721  1.0536  0.9588  0.7803
      2   1.0069  0.9478  1.0136  0.9607  1.0374  0.9872  1.0729  0.7932
      3   0.9513  1.0136  0.9584  1.0310  0.9795  1.0530  0.9364  0.7497
      4   1.0217  0.9607  1.0310  0.9824  1.0651  0.9905  0.9931  0.6147
      5   0.9721  1.0374  0.9795  1.0651  1.0934  1.0447  0.8617
      6   1.0536  0.9872  1.0530  0.9905  1.0447  1.0043  0.6360
      7   0.9588  1.0729  0.9364  0.9931  0.8617  0.6360
      8   0.7803  0.7932  0.7497  0.6147
 
        Maximum Pos.   Maximum Value 
         (  5,  5 )   1.0934
 
 Planar Power Distribution at Plane          16
 
     #.####   box power
 
            1       2       3       4       5       6       7       8
      1   0.9794  1.0461  0.9887  1.0610  1.0092  1.0917  0.9919  0.8057
      2   1.0461  0.9852  1.0527  0.9981  1.0765  1.0234  1.1090  0.8192
      3   0.9887  1.0527  0.9959  1.0705  1.0168  1.0911  0.9687  0.7742
      4   1.0610  0.9981  1.0705  1.0202  1.1046  1.0262  1.0265  0.6350
      5   1.0092  1.0765  1.0168  1.1046  1.1332  1.0805  0.8905
      6   1.0917  1.0234  1.0911  1.0262  1.0805  1.0376  0.6571
      7   0.9919  1.1090  0.9687  1.0265  0.8905  0.6571
      8   0.8057  0.8192  0.7742  0.6350
 
        Maximum Pos.   Maximum Value 
         (  5,  5 )   1.1332
 
 Planar Power Distribution at Plane          17
 
     #.####   box power
 
            1       2       3       4       5       6       7       8
      1   1.0243  1.0936  1.0337  1.1083  1.0537  1.1372  1.0314  0.8361
      2   1.0936  1.0302  1.0999  1.0430  1.1234  1.0666  1.1522  0.8502
      3   1.0337  1.0999  1.0411  1.1181  1.0615  1.1366  1.0073  0.8034
      4   1.1083  1.0430  1.1181  1.0656  1.1520  1.0688  1.0663  0.6592
      5   1.0537  1.1234  1.0615  1.1520  1.1809  1.1234  0.9251
      6   1.1372  1.0666  1.1366  1.0688  1.1234  1.0775  0.6824
      7   1.0314  1.1522  1.0073  1.0663  0.9251  0.6824
      8   0.8361  0.8502  0.8034  0.6592
 
        Maximum Pos.   Maximum Value 
         (  5,  5 )   1.1809
 
 Planar Power Distribution at Plane          18
 
     #.####   box power
 
            1       2       3       4       5       6       7       8
      1   1.0787  1.1509  1.0880  1.1653  1.1070  1.1917  1.0783  0.8721
      2   1.1509  1.0846  1.1570  1.0971  1.1796  1.1181  1.2035  0.8869
      3   1.0880  1.1570  1.0954  1.1753  1.1150  1.1910  1.0531  0.8381
      4   1.1653  1.0971  1.1753  1.1200  1.2087  1.1197  1.1137  0.6879
      5   1.1070  1.1796  1.1150  1.2087  1.2379  1.1746  0.9662
      6   1.1917  1.1181  1.1910  1.1197  1.1746  1.1250  0.7125
      7   1.0783  1.2035  1.0531  1.1137  0.9662  0.7125
      8   0.8721  0.8869  0.8381  0.6879
 
        Maximum Pos.   Maximum Value 
         (  5,  5 )   1.2379
 
 Planar Power Distribution at Plane          19
 
     #.####   box power
 
            1       2       3       4       5       6       7       8
      1   1.1443  1.2201  1.1533  1.2338  1.1708  1.2563  1.1334  0.9139
      2   1.2201  1.1500  1.2256  1.1619  1.2469  1.1791  1.2637  0.9299
      3   1.1533  1.2256  1.1606  1.2437  1.1787  1.2554  1.1068  0.8783
      4   1.2338  1.1619  1.2437  1.1849  1.2762  1.1798  1.1694  0.7212
      5   1.1708  1.2469  1.1787  1.2762  1.3055  1.2348  1.0145
      6   1.2563  1.1791  1.2554  1.1798  1.2348  1.1805  0.7475
      7   1.1334  1.2637  1.1068  1.1694  1.0145  0.7475
      8   0.9139  0.9299  0.8783  0.7212
 
        Maximum Pos.   Maximum Value 
         (  5,  5 )   1.3055
 
 Planar Power Distribution at Plane          20
 
     #.####   box power
 
            1       2       3       4       5       6       7       8
      1   1.2221  1.3021  1.2305  1.3145  1.2455  1.3314  1.1965  0.9608
      2   1.3021  1.2274  1.3065  1.2382  1.3257  1.2499  1.3322  0.9782
      3   1.2305  1.3065  1.2373  1.3242  1.2532  1.3299  1.1681  0.9234
      4   1.3145  1.2382  1.3242  1.2609  1.3548  1.2491  1.2326  0.7586
      5   1.2455  1.3257  1.2532  1.3548  1.3838  1.3036  1.0692
      6   1.3314  1.2499  1.3299  1.2491  1.3036  1.2434  0.7869
      7   1.1965  1.3322  1.1681  1.2326  1.0692  0.7869
      8   0.9608  0.9782  0.9234  0.7586
 
        Maximum Pos.   Maximum Value 
         (  5,  5 )   1.3838
 
 Planar Power Distribution at Plane          21
 
     #.####   box power
 
            1       2       3       4       5       6       7       8
      1   1.3103  1.3948  1.3173  1.4055  1.3295  1.4142  1.2641  1.0093
      2   1.3948  1.3147  1.3974  1.3239  1.4139  1.3278  1.4053  1.0289
      3   1.3173  1.3974  1.3233  1.4142  1.3359  1.4116  1.2336  0.9702
      4   1.4055  1.3239  1.4142  1.3457  1.4418  1.3247  1.2993  0.7974
      5   1.3295  1.4139  1.3359  1.4418  1.4699  1.3768  1.1270
      6   1.4142  1.3278  1.4116  1.3247  1.3768  1.3093  0.8279
      7   1.2641  1.4053  1.2336  1.2993  1.1270  0.8279
      8   1.0093  1.0289  0.9702  0.7974
 
        Maximum Pos.   Maximum Value 
         (  5,  5 )   1.4699
 
 Planar Power Distribution at Plane          22
 
     #.####   box power
 
            1       2       3       4       5       6       7       8
      1   1.4020  1.4898  1.4058  1.4980  1.4155  1.4954  1.3253  1.0513
      2   1.4898  1.4038  1.4889  1.4109  1.5025  1.4044  1.4728  1.0737
      3   1.4058  1.4889  1.4103  1.5047  1.4187  1.4909  1.2922  1.0110
      4   1.4980  1.4109  1.5047  1.4308  1.5273  1.3989  1.3587  0.8309
      5   1.4155  1.5025  1.4187  1.5273  1.5545  1.4418  1.1788
      6   1.4954  1.4044  1.4909  1.3989  1.4418  1.3673  0.8635
      7   1.3253  1.4728  1.2922  1.3587  1.1788  0.8635
      8   1.0513  1.0737  1.0110  0.8309
 
        Maximum Pos.   Maximum Value 
         (  5,  5 )   1.5545
 
 Planar Power Distribution at Plane          23
 
     #.####   box power
 
            1       2       3       4       5       6       7       8
      1   1.4796  1.5634  1.4759  1.5683  1.4854  1.5511  1.3628  1.0680
      2   1.5634  1.4750  1.5564  1.4796  1.5680  1.4596  1.5063  1.0955
      3   1.4759  1.5564  1.4781  1.5713  1.4820  1.5447  1.3282  1.0282
      4   1.5683  1.4796  1.5713  1.4967  1.5882  1.4445  1.3903  0.8458
      5   1.4854  1.5680  1.4820  1.5882  1.6162  1.4769  1.2060
      6   1.5511  1.4596  1.5447  1.4445  1.4769  1.3936  0.8793
      7   1.3628  1.5063  1.3282  1.3903  1.2060  0.8793
      8   1.0680  1.0955  1.0282  0.8458
 
        Maximum Pos.   Maximum Value 
         (  5,  5 )   1.6162
 
 Planar Power Distribution at Plane          24
 
     #.####   box power
 
            1       2       3       4       5       6       7       8
      1   1.4958  1.5709  1.4808  1.5721  1.4924  1.5363  1.3372  1.0299
      2   1.5709  1.4815  1.5539  1.4835  1.5662  1.4479  1.4652  1.0648
      3   1.4808  1.5539  1.4800  1.5700  1.4791  1.5281  1.3034  0.9941
      4   1.5721  1.4835  1.5700  1.4962  1.5776  1.4268  1.3510  0.8189
      5   1.4924  1.5662  1.4791  1.5776  1.6069  1.4314  1.1746
      6   1.5363  1.4479  1.5281  1.4268  1.4314  1.3465  0.8505
      7   1.3372  1.4652  1.3034  1.3510  1.1746  0.8505
      8   1.0299  1.0648  0.9941  0.8189
 
        Maximum Pos.   Maximum Value 
         (  5,  5 )   1.6069
 
 Planar Power Distribution at Plane          25
 
     #.####   box power
 
            1       2       3       4       5       6       7       8
      1   1.3870  1.4269  1.3520  1.4244  1.3752  1.3733  1.1902  0.8950
      2   1.4269  1.3546  1.3973  1.3544  1.4138  1.3072  1.2795  0.9373
      3   1.3520  1.3973  1.3487  1.4164  1.3443  1.3666  1.1609  0.8673
      4   1.4244  1.3544  1.4164  1.3619  1.4144  1.2800  1.1831  0.7156
      5   1.3752  1.4138  1.3443  1.4144  1.4609  1.2416  1.0343
      6   1.3733  1.3072  1.3666  1.2800  1.2416  1.1677  0.7407
      7   1.1902  1.2795  1.1609  1.1831  1.0343  0.7407
      8   0.8950  0.9373  0.8673  0.7156
 
        Maximum Pos.   Maximum Value 
         (  5,  5 )   1.4609
 
 Planar Power Distribution at Plane          26
 
     #.####   box power
 
            1       2       3       4       5       6       7       8
      1   1.0226  1.0119  0.9816  1.0071  1.0068  0.9553  0.8337  0.6068
      2   1.0119  0.9842  0.9780  0.9824  0.9944  0.9346  0.8685  0.6446
      3   0.9816  0.9780  0.9781  0.9982  0.9704  0.9544  0.8124  0.5887
      4   1.0071  0.9824  0.9982  0.9838  0.9856  0.9058  0.8054  0.4855
      5   1.0068  0.9944  0.9704  0.9856  1.0532  0.8294  0.7104
      6   0.9553  0.9346  0.9544  0.9058  0.8294  0.7844  0.4990
      7   0.8337  0.8685  0.8124  0.8054  0.7104  0.4990
      8   0.6068  0.6446  0.5887  0.4855
 
        Maximum Pos.   Maximum Value 
         (  5,  5 )   1.0532
 
 Assemblywise Xenon Number Density Distribution
 
            1         2         3         4         5         6         7         8
      1  1.682E+15 2.052E+15 1.684E+15 2.058E+15 1.690E+15 2.069E+15 1.677E+15 2.051E+15
      2  2.052E+15 1.683E+15 2.080E+15 1.687E+15 2.064E+15 1.693E+15 2.349E+15 2.010E+15
      3  1.684E+15 2.080E+15 1.686E+15 2.061E+15 1.692E+15 2.042E+15 1.666E+15 2.002E+15
      4  2.058E+15 1.687E+15 2.061E+15 1.694E+15 2.078E+15 1.692E+15 2.247E+15 1.817E+15
      5  1.690E+15 2.064E+15 1.692E+15 2.078E+15 1.972E+15 2.093E+15 2.069E+15
      6  2.069E+15 1.693E+15 2.042E+15 1.692E+15 2.093E+15 2.237E+15 1.846E+15
      7  1.677E+15 2.349E+15 1.666E+15 2.247E+15 2.069E+15 1.846E+15
      8  2.051E+15 2.010E+15 2.002E+15 1.817E+15
 
        Maximum Pos.   Maximum Value 
         (  2,  7 )  2.349E+15
 
 Assemblywise Samarium Number Density Distribution
 
            1         2         3         4         5         6         7         8
      1  1.911E+16 2.334E+16 1.915E+16 2.333E+16 1.906E+16 2.320E+16 1.869E+16 2.434E+16
      2  2.334E+16 1.916E+16 2.365E+16 1.916E+16 2.331E+16 1.903E+16 2.675E+16 2.381E+16
      3  1.915E+16 2.365E+16 1.916E+16 2.335E+16 1.914E+16 2.289E+16 1.861E+16 2.386E+16
      4  2.333E+16 1.916E+16 2.335E+16 1.917E+16 2.331E+16 1.891E+16 2.568E+16 2.263E+16
      5  1.906E+16 2.331E+16 1.914E+16 2.331E+16 2.212E+16 2.321E+16 2.406E+16
      6  2.320E+16 1.903E+16 2.289E+16 1.891E+16 2.321E+16 2.516E+16 2.263E+16
      7  1.869E+16 2.675E+16 1.861E+16 2.568E+16 2.406E+16 2.263E+16
      8  2.434E+16 2.381E+16 2.386E+16 2.263E+16
 
        Maximum Pos.   Maximum Value 
         (  2,  7 )  2.675E+16
 
 
 Planar Power Distribution by bundle, at Plane           2
        1       2       3       4       5       6       7       8
  1   0.4586  0.4943  0.4595  0.4987  0.4652  0.4963  0.4245  0.3269
  2   0.4943  0.4584  0.4920  0.4632  0.5021  0.4602  0.4863  0.3329
  3   0.4595  0.4920  0.4620  0.5027  0.4680  0.4978  0.4132  0.3121
  4   0.4987  0.4632  0.5027  0.4717  0.5095  0.4536  0.4409  0.2453
  5   0.4652  0.5021  0.4680  0.5095  0.5167  0.4608  0.3675
  6   0.4963  0.4602  0.4978  0.4536  0.4608  0.4315  0.2540
  7   0.4245  0.4863  0.4132  0.4409  0.3675  0.2540
  8   0.3269  0.3329  0.3121  0.2453
 
        Maximum Pos.   Maximum Value 
         (  5,  5 )   0.5167
 
 
 Planar Power Distribution by bundle, at Plane           3
        1       2       3       4       5       6       7       8
  1   0.6352  0.6646  0.6375  0.6706  0.6458  0.6700  0.6007  0.4497
  2   0.6646  0.6362  0.6560  0.6426  0.6752  0.6426  0.6459  0.4769
  3   0.6375  0.6560  0.6416  0.6754  0.6502  0.6756  0.5872  0.4360
  4   0.6706  0.6426  0.6754  0.6545  0.6867  0.6367  0.5990  0.3565
  5   0.6458  0.6752  0.6502  0.6867  0.7161  0.6213  0.5254
  6   0.6700  0.6426  0.6756  0.6367  0.6213  0.5959  0.3694
  7   0.6007  0.6459  0.5872  0.5990  0.5254  0.3694
  8   0.4497  0.4769  0.4360  0.3565
 
        Maximum Pos.   Maximum Value 
         (  5,  5 )   0.7161
 
 
 Planar Power Distribution by bundle, at Plane           4
        1       2       3       4       5       6       7       8
  1   0.8255  0.8784  0.8298  0.8868  0.8413  0.8945  0.7992  0.6198
  2   0.8784  0.8278  0.8745  0.8358  0.8946  0.8424  0.8813  0.6473
  3   0.8298  0.8745  0.8344  0.8934  0.8464  0.8976  0.7811  0.5996
  4   0.8868  0.8358  0.8934  0.8513  0.9127  0.8392  0.8163  0.4911
  5   0.8413  0.8946  0.8464  0.9127  0.9385  0.8544  0.7113
  6   0.8945  0.8424  0.8976  0.8392  0.8544  0.8179  0.5103
  7   0.7992  0.8813  0.7811  0.8163  0.7113  0.5103
  8   0.6198  0.6473  0.5996  0.4911
 
        Maximum Pos.   Maximum Value 
         (  5,  5 )   0.9385
 
 
 Planar Power Distribution by bundle, at Plane           5
        1       2       3       4       5       6       7       8
  1   0.9085  0.9726  0.9151  0.9827  0.9289  1.0020  0.8990  0.7170
  2   0.9726  0.9126  0.9752  0.9213  0.9933  0.9355  1.0075  0.7379
  3   0.9151  0.9752  0.9200  0.9898  0.9345  1.0016  0.8776  0.6910
  4   0.9827  0.9213  0.9898  0.9388  1.0166  0.9364  0.9315  0.5654
  5   0.9289  0.9933  0.9345  1.0166  1.0418  0.9807  0.8082
  6   1.0020  0.9355  1.0016  0.9364  0.9807  0.9405  0.5878
  7   0.8990  1.0075  0.8776  0.9315  0.8082  0.5878
  8   0.7170  0.7379  0.6910  0.5654
 
        Maximum Pos.   Maximum Value 
         (  5,  5 )   1.0418
 
 
 Planar Power Distribution by bundle, at Plane           6
        1       2       3       4       5       6       7       8
  1   0.9139  0.9812  0.9217  0.9925  0.9374  1.0189  0.9209  0.7467
  2   0.9812  0.9190  0.9864  0.9282  1.0048  0.9500  1.0371  0.7627
  3   0.9217  0.9864  0.9269  0.9999  0.9432  1.0173  0.8989  0.7182
  4   0.9925  0.9282  0.9999  0.9467  1.0305  0.9552  0.9591  0.5877
  5   0.9374  1.0048  0.9432  1.0305  1.0574  1.0102  0.8325
  6   1.0189  0.9500  1.0173  0.9552  1.0102  0.9728  0.6107
  7   0.9209  1.0371  0.8989  0.9591  0.8325  0.6107
  8   0.7467  0.7627  0.7182  0.5877
 
        Maximum Pos.   Maximum Value 
         (  5,  5 )   1.0574
 
 
 Planar Power Distribution by bundle, at Plane           7
        1       2       3       4       5       6       7       8
  1   0.8939  0.9595  0.9023  0.9716  0.9196  1.0025  0.9126  0.7449
  2   0.9595  0.8994  0.9657  0.9093  0.9853  0.9352  1.0267  0.7587
  3   0.9023  0.9657  0.9077  0.9792  0.9257  1.0011  0.8913  0.7160
  4   0.9716  0.9093  0.9792  0.9283  1.0121  0.9403  0.9510  0.5865
  5   0.9196  0.9853  0.9257  1.0121  1.0400  1.0007  0.8260
  6   1.0025  0.9352  1.0011  0.9403  1.0007  0.9662  0.6089
  7   0.9126  1.0267  0.8913  0.9510  0.8260  0.6089
  8   0.7449  0.7587  0.7160  0.5865
 
        Maximum Pos.   Maximum Value 
         (  5,  5 )   1.0400
 
 
 Planar Power Distribution by bundle, at Plane           8
        1       2       3       4       5       6       7       8
  1   0.8716  0.9351  0.8802  0.9478  0.8988  0.9813  0.8961  0.7346
  2   0.9351  0.8772  0.9417  0.8877  0.9624  0.9160  1.0081  0.7469
  3   0.8802  0.9417  0.8859  0.9556  0.9051  0.9800  0.8754  0.7059
  4   0.9478  0.8877  0.9556  0.9071  0.9894  0.9216  0.9342  0.5783
  5   0.8988  0.9624  0.9051  0.9894  1.0176  0.9818  0.8116
  6   0.9813  0.9160  0.9800  0.9216  0.9818  0.9490  0.5997
  7   0.8961  1.0081  0.8754  0.9342  0.8116  0.5997
  8   0.7346  0.7469  0.7059  0.5783
 
        Maximum Pos.   Maximum Value 
         (  5,  5 )   1.0176
 
 
 Planar Power Distribution by bundle, at Plane           9
        1       2       3       4       5       6       7       8
  1   0.8566  0.9184  0.8652  0.9316  0.8847  0.9664  0.8823  0.7260
  2   0.9184  0.8621  0.9251  0.8732  0.9468  0.9026  0.9938  0.7370
  3   0.8652  0.9251  0.8711  0.9396  0.8912  0.9652  0.8632  0.6969
  4   0.9316  0.8732  0.9396  0.8928  0.9737  0.9082  0.9208  0.5710
  5   0.8847  0.9468  0.8912  0.9737  1.0019  0.9670  0.7999
  6   0.9664  0.9026  0.9652  0.9082  0.9670  0.9348  0.5915
  7   0.8823  0.9938  0.8632  0.9208  0.7999  0.5915
  8   0.7260  0.7370  0.6969  0.5710
 
        Maximum Pos.   Maximum Value 
         (  5,  5 )   1.0019
 
 
 Planar Power Distribution by bundle, at Plane          10
        1       2       3       4       5       6       7       8
  1   0.8513  0.9123  0.8600  0.9259  0.8801  0.9609  0.8775  0.7217
  2   0.9123  0.8568  0.9190  0.8683  0.9414  0.8979  0.9876  0.7326
  3   0.8600  0.9190  0.8661  0.9340  0.8866  0.9598  0.8585  0.6928
  4   0.9259  0.8683  0.9340  0.8882  0.9682  0.9033  0.9150  0.5677
  5   0.8801  0.9414  0.8866  0.9682  0.9962  0.9606  0.7946
  6   0.9609  0.8979  0.9598  0.9033  0.9606  0.9282  0.5877
  7   0.8775  0.9876  0.8585  0.9150  0.7946  0.5877
  8   0.7217  0.7326  0.6928  0.5677
 
        Maximum Pos.   Maximum Value 
         (  5,  5 )   0.9962
 
 
 Planar Power Distribution by bundle, at Plane          11
        1       2       3       4       5       6       7       8
  1   0.8554  0.9162  0.8642  0.9301  0.8846  0.9646  0.8819  0.7229
  2   0.9162  0.8609  0.9229  0.8727  0.9458  0.9021  0.9901  0.7343
  3   0.8642  0.9229  0.8705  0.9384  0.8913  0.9639  0.8616  0.6945
  4   0.9301  0.8727  0.9384  0.8929  0.9725  0.9071  0.9174  0.5691
  5   0.8846  0.9458  0.8913  0.9725  1.0004  0.9632  0.7965
  6   0.9646  0.9021  0.9639  0.9071  0.9632  0.9299  0.5889
  7   0.8819  0.9901  0.8616  0.9174  0.7965  0.5889
  8   0.7229  0.7343  0.6945  0.5691
 
        Maximum Pos.   Maximum Value 
         (  5,  5 )   1.0004
 
 
 Planar Power Distribution by bundle, at Plane          12
        1       2       3       4       5       6       7       8
  1   0.8675  0.9286  0.8764  0.9429  0.8970  0.9769  0.8924  0.7302
  2   0.9286  0.8731  0.9354  0.8852  0.9586  0.9141  1.0010  0.7419
  3   0.8764  0.9354  0.8829  0.9514  0.9039  0.9763  0.8717  0.7016
  4   0.9429  0.8852  0.9514  0.9056  0.9854  0.9187  0.9272  0.5749
  5   0.8970  0.9586  0.9039  0.9854  1.0133  0.9739  0.8049
  6   0.9769  0.9141  0.9763  0.9187  0.9739  0.9393  0.5948
  7   0.8924  1.0010  0.8717  0.9272  0.8049  0.5948
  8   0.7302  0.7419  0.7016  0.5749
 
        Maximum Pos.   Maximum Value 
         (  5,  5 )   1.0133
 
 
 Planar Power Distribution by bundle, at Plane          13
        1       2       3       4       5       6       7       8
  1   0.8864  0.9484  0.8954  0.9628  0.9162  0.9963  0.9091  0.7425
  2   0.9484  0.8920  0.9551  0.9044  0.9786  0.9327  1.0189  0.7546
  3   0.8954  0.9551  0.9021  0.9716  0.9232  0.9957  0.8880  0.7134
  4   0.9628  0.9044  0.9716  0.9252  1.0056  0.9369  0.9435  0.5847
  5   0.9162  0.9786  0.9232  1.0056  1.0335  0.9914  0.8189
  6   0.9963  0.9327  0.9957  0.9369  0.9914  0.9552  0.6049
  7   0.9091  1.0189  0.8880  0.9435  0.8189  0.6049
  8   0.7425  0.7546  0.7134  0.5847
 
        Maximum Pos.   Maximum Value 
         (  5,  5 )   1.0335
 
 
 Planar Power Distribution by bundle, at Plane          14
        1       2       3       4       5       6       7       8
  1   0.9113  0.9745  0.9204  0.9892  0.9413  1.0220  0.9313  0.7593
  2   0.9745  0.9170  0.9812  0.9296  1.0049  0.9572  1.0430  0.7717
  3   0.9204  0.9812  0.9273  0.9982  0.9485  1.0214  0.9096  0.7295
  4   0.9892  0.9296  0.9982  0.9509  1.0322  0.9609  0.9656  0.5980
  5   0.9413  1.0049  0.9485  1.0322  1.0603  1.0151  0.8379
  6   1.0220  0.9572  1.0214  0.9609  1.0151  0.9770  0.6187
  7   0.9313  1.0430  0.9096  0.9656  0.8379  0.6187
  8   0.7593  0.7717  0.7295  0.5980
 
        Maximum Pos.   Maximum Value 
         (  5,  5 )   1.0603
 
 
 Planar Power Distribution by bundle, at Plane          15
        1       2       3       4       5       6       7       8
  1   0.9421  1.0069  0.9513  1.0217  0.9721  1.0536  0.9588  0.7803
  2   1.0069  0.9478  1.0136  0.9607  1.0374  0.9872  1.0729  0.7932
  3   0.9513  1.0136  0.9584  1.0310  0.9795  1.0530  0.9364  0.7497
  4   1.0217  0.9607  1.0310  0.9824  1.0651  0.9905  0.9931  0.6147
  5   0.9721  1.0374  0.9795  1.0651  1.0934  1.0447  0.8617
  6   1.0536  0.9872  1.0530  0.9905  1.0447  1.0043  0.6360
  7   0.9588  1.0729  0.9364  0.9931  0.8617  0.6360
  8   0.7803  0.7932  0.7497  0.6147
 
        Maximum Pos.   Maximum Value 
         (  5,  5 )   1.0934
 
 
 Planar Power Distribution by bundle, at Plane          16
        1       2       3       4       5       6       7       8
  1   0.9794  1.0461  0.9887  1.0610  1.0092  1.0917  0.9919  0.8057
  2   1.0461  0.9852  1.0527  0.9981  1.0765  1.0234  1.1090  0.8192
  3   0.9887  1.0527  0.9959  1.0705  1.0168  1.0911  0.9687  0.7742
  4   1.0610  0.9981  1.0705  1.0202  1.1046  1.0262  1.0265  0.6350
  5   1.0092  1.0765  1.0168  1.1046  1.1332  1.0805  0.8905
  6   1.0917  1.0234  1.0911  1.0262  1.0805  1.0376  0.6571
  7   0.9919  1.1090  0.9687  1.0265  0.8905  0.6571
  8   0.8057  0.8192  0.7742  0.6350
 
        Maximum Pos.   Maximum Value 
         (  5,  5 )   1.1332
 
 
 Planar Power Distribution by bundle, at Plane          17
        1       2       3       4       5       6       7       8
  1   1.0243  1.0936  1.0337  1.1083  1.0537  1.1372  1.0314  0.8361
  2   1.0936  1.0302  1.0999  1.0430  1.1234  1.0666  1.1522  0.8502
  3   1.0337  1.0999  1.0411  1.1181  1.0615  1.1366  1.0073  0.8034
  4   1.1083  1.0430  1.1181  1.0656  1.1520  1.0688  1.0663  0.6592
  5   1.0537  1.1234  1.0615  1.1520  1.1809  1.1234  0.9251
  6   1.1372  1.0666  1.1366  1.0688  1.1234  1.0775  0.6824
  7   1.0314  1.1522  1.0073  1.0663  0.9251  0.6824
  8   0.8361  0.8502  0.8034  0.6592
 
        Maximum Pos.   Maximum Value 
         (  5,  5 )   1.1809
 
 
 Planar Power Distribution by bundle, at Plane          18
        1       2       3       4       5       6       7       8
  1   1.0787  1.1509  1.0880  1.1653  1.1070  1.1917  1.0783  0.8721
  2   1.1509  1.0846  1.1570  1.0971  1.1796  1.1181  1.2035  0.8869
  3   1.0880  1.1570  1.0954  1.1753  1.1150  1.1910  1.0531  0.8381
  4   1.1653  1.0971  1.1753  1.1200  1.2087  1.1197  1.1137  0.6879
  5   1.1070  1.1796  1.1150  1.2087  1.2379  1.1746  0.9662
  6   1.1917  1.1181  1.1910  1.1197  1.1746  1.1250  0.7125
  7   1.0783  1.2035  1.0531  1.1137  0.9662  0.7125
  8   0.8721  0.8869  0.8381  0.6879
 
        Maximum Pos.   Maximum Value 
         (  5,  5 )   1.2379
 
 
 Planar Power Distribution by bundle, at Plane          19
        1       2       3       4       5       6       7       8
  1   1.1443  1.2201  1.1533  1.2338  1.1708  1.2563  1.1334  0.9139
  2   1.2201  1.1500  1.2256  1.1619  1.2469  1.1791  1.2637  0.9299
  3   1.1533  1.2256  1.1606  1.2437  1.1787  1.2554  1.1068  0.8783
  4   1.2338  1.1619  1.2437  1.1849  1.2762  1.1798  1.1694  0.7212
  5   1.1708  1.2469  1.1787  1.2762  1.3055  1.2348  1.0145
  6   1.2563  1.1791  1.2554  1.1798  1.2348  1.1805  0.7475
  7   1.1334  1.2637  1.1068  1.1694  1.0145  0.7475
  8   0.9139  0.9299  0.8783  0.7212
 
        Maximum Pos.   Maximum Value 
         (  5,  5 )   1.3055
 
 
 Planar Power Distribution by bundle, at Plane          20
        1       2       3       4       5       6       7       8
  1   1.2221  1.3021  1.2305  1.3145  1.2455  1.3314  1.1965  0.9608
  2   1.3021  1.2274  1.3065  1.2382  1.3257  1.2499  1.3322  0.9782
  3   1.2305  1.3065  1.2373  1.3242  1.2532  1.3299  1.1681  0.9234
  4   1.3145  1.2382  1.3242  1.2609  1.3548  1.2491  1.2326  0.7586
  5   1.2455  1.3257  1.2532  1.3548  1.3838  1.3036  1.0692
  6   1.3314  1.2499  1.3299  1.2491  1.3036  1.2434  0.7869
  7   1.1965  1.3322  1.1681  1.2326  1.0692  0.7869
  8   0.9608  0.9782  0.9234  0.7586
 
        Maximum Pos.   Maximum Value 
         (  5,  5 )   1.3838
 
 
 Planar Power Distribution by bundle, at Plane          21
        1       2       3       4       5       6       7       8
  1   1.3103  1.3948  1.3173  1.4055  1.3295  1.4142  1.2641  1.0093
  2   1.3948  1.3147  1.3974  1.3239  1.4139  1.3278  1.4053  1.0289
  3   1.3173  1.3974  1.3233  1.4142  1.3359  1.4116  1.2336  0.9702
  4   1.4055  1.3239  1.4142  1.3457  1.4418  1.3247  1.2993  0.7974
  5   1.3295  1.4139  1.3359  1.4418  1.4699  1.3768  1.1270
  6   1.4142  1.3278  1.4116  1.3247  1.3768  1.3093  0.8279
  7   1.2641  1.4053  1.2336  1.2993  1.1270  0.8279
  8   1.0093  1.0289  0.9702  0.7974
 
        Maximum Pos.   Maximum Value 
         (  5,  5 )   1.4699
 
 
 Planar Power Distribution by bundle, at Plane          22
        1       2       3       4       5       6       7       8
  1   1.4020  1.4898  1.4058  1.4980  1.4155  1.4954  1.3253  1.0513
  2   1.4898  1.4038  1.4889  1.4109  1.5025  1.4044  1.4728  1.0737
  3   1.4058  1.4889  1.4103  1.5047  1.4187  1.4909  1.2922  1.0110
  4   1.4980  1.4109  1.5047  1.4308  1.5273  1.3989  1.3587  0.8309
  5   1.4155  1.5025  1.4187  1.5273  1.5545  1.4418  1.1788
  6   1.4954  1.4044  1.4909  1.3989  1.4418  1.3673  0.8635
  7   1.3253  1.4728  1.2922  1.3587  1.1788  0.8635
  8   1.0513  1.0737  1.0110  0.8309
 
        Maximum Pos.   Maximum Value 
         (  5,  5 )   1.5545
 
 
 Planar Power Distribution by bundle, at Plane          23
        1       2       3       4       5       6       7       8
  1   1.4796  1.5634  1.4759  1.5683  1.4854  1.5511  1.3628  1.0680
  2   1.5634  1.4750  1.5564  1.4796  1.5680  1.4596  1.5063  1.0955
  3   1.4759  1.5564  1.4781  1.5713  1.4820  1.5447  1.3282  1.0282
  4   1.5683  1.4796  1.5713  1.4967  1.5882  1.4445  1.3903  0.8458
  5   1.4854  1.5680  1.4820  1.5882  1.6162  1.4769  1.2060
  6   1.5511  1.4596  1.5447  1.4445  1.4769  1.3936  0.8793
  7   1.3628  1.5063  1.3282  1.3903  1.2060  0.8793
  8   1.0680  1.0955  1.0282  0.8458
 
        Maximum Pos.   Maximum Value 
         (  5,  5 )   1.6162
 
 
 Planar Power Distribution by bundle, at Plane          24
        1       2       3       4       5       6       7       8
  1   1.4958  1.5709  1.4808  1.5721  1.4924  1.5363  1.3372  1.0299
  2   1.5709  1.4815  1.5539  1.4835  1.5662  1.4479  1.4652  1.0648
  3   1.4808  1.5539  1.4800  1.5700  1.4791  1.5281  1.3034  0.9941
  4   1.5721  1.4835  1.5700  1.4962  1.5776  1.4268  1.3510  0.8189
  5   1.4924  1.5662  1.4791  1.5776  1.6069  1.4314  1.1746
  6   1.5363  1.4479  1.5281  1.4268  1.4314  1.3465  0.8505
  7   1.3372  1.4652  1.3034  1.3510  1.1746  0.8505
  8   1.0299  1.0648  0.9941  0.8189
 
        Maximum Pos.   Maximum Value 
         (  5,  5 )   1.6069
 
 
 Planar Power Distribution by bundle, at Plane          25
        1       2       3       4       5       6       7       8
  1   1.3870  1.4269  1.3520  1.4244  1.3752  1.3733  1.1902  0.8950
  2   1.4269  1.3546  1.3973  1.3544  1.4138  1.3072  1.2795  0.9373
  3   1.3520  1.3973  1.3487  1.4164  1.3443  1.3666  1.1609  0.8673
  4   1.4244  1.3544  1.4164  1.3619  1.4144  1.2800  1.1831  0.7156
  5   1.3752  1.4138  1.3443  1.4144  1.4609  1.2416  1.0343
  6   1.3733  1.3072  1.3666  1.2800  1.2416  1.1677  0.7407
  7   1.1902  1.2795  1.1609  1.1831  1.0343  0.7407
  8   0.8950  0.9373  0.8673  0.7156
 
        Maximum Pos.   Maximum Value 
         (  5,  5 )   1.4609
 
 
 Planar Power Distribution by bundle, at Plane          26
        1       2       3       4       5       6       7       8
  1   1.0226  1.0119  0.9816  1.0071  1.0068  0.9553  0.8337  0.6068
  2   1.0119  0.9842  0.9780  0.9824  0.9944  0.9346  0.8685  0.6446
  3   0.9816  0.9780  0.9781  0.9982  0.9704  0.9544  0.8124  0.5887
  4   1.0071  0.9824  0.9982  0.9838  0.9856  0.9058  0.8054  0.4855
  5   1.0068  0.9944  0.9704  0.9856  1.0532  0.8294  0.7104
  6   0.9553  0.9346  0.9544  0.9058  0.8294  0.7844  0.4990
  7   0.8337  0.8685  0.8124  0.8054  0.7104  0.4990
  8   0.6068  0.6446  0.5887  0.4855
 
        Maximum Pos.   Maximum Value 
         (  5,  5 )   1.0532
 
 Number of CMFD/Nodal/TH Updates/Inners and Sweeps:        25      257      316     2589      771

  Time for Init.          0.064
           CMFD           2.315
           Nodal          0.698
           T/H            0.574
           Xsec          90.927
           Pin Power      0.000
                          -----
           Total         95.445


 01:35.45  Job Finished at 18:49:18.                                                       
