CASEID depl-cyc1
CNTL
     core_type      PWR
     th_fdbk        T
     xe_sm          1  1
     core_power     65.7
     bank_pos         400.0 400.0 400.0 186.0 400.0 400.0 400.0 400.0   0.0
     search         ppm    1.0   1500.0
     depletion      T  1.0e-4  F
     TREE_XS        T    17   T   T   F   F   F   F   F   T   T   F   F   F   F   F
     print_opt      T  F  T  T  F  F  F  F  F  F  F  F  F  F  F
PARAM
     nlupd_ss       3  5  1
     n_iters        15  200
     conv_ss        1.0e-6 1.0e-5 5.0e-5 0.001
     DECUSP         2
XSEC
GEOM
     geo_dim             9  9 27  1  1           !nasyx,nasyy,nz,nzbr,nztr
     rad_conf
     10 22 10 22 10 22 10 32 89
     22 10 23 10 22 10 34 30 89
     10 23 10 22 10 21 10 31 89
     22 10 22 10 22 10 33 30 89
     10 22 10 22 20 23 30 85 91
     22 10 21 10 23 32 30 89  0
     10 34 10 33 30 30 85 99  0
     32 30 31 30 85 81 99  0  0
     81 81 81 81 91  0  0  0  0
     grid_x              1*10.75 8*21.50
     neutmesh_x          1*1 8*1
     grid_y              1*10.75 8*21.50
     neutmesh_y          1*1 8*1
     grid_z        1*16.951  1*3.81  1*11.43  1*15.24  20*15.24  1*15.24  1*15.24  36.226
     boun_cond           0 2  0 2  2 2
     assy_type     10  1*11   1*1   1*1   1*1   20*1   1*1   1*1   1*12  FUEL  ! 2.1wt%
     assy_type     20  1*11   1*2   1*2   1*2   20*2   1*2   1*2   1*12  FUEL  ! 2.6wt%
     assy_type     21  1*11   1*3   1*3   1*3   20*3   1*3   1*3   1*12  FUEL  ! 2.6wt%-16
     assy_type     22  1*11   1*4   1*4   1*4   20*4   1*4   1*4   1*12  FUEL  ! 2.6wt%-20
     assy_type     23  1*11   1*5   1*5   1*5   20*5   1*5   1*5   1*12  FUEL  ! 2.6wt%-24
     assy_type     30  1*11   1*6   1*6   1*6   20*6   1*6   1*6   1*12  FUEL  ! 3.1wt%
     assy_type     31  1*11   1*7   1*7   1*7   20*7   1*7   1*7   1*12  FUEL  ! 3.1wt%-08
     assy_type     32  1*11   1*8   1*8   1*8   20*8   1*8   1*8   1*12  FUEL  ! 3.1wt%-12
     assy_type     33  1*11   1*9   1*9   1*9   20*9   1*9   1*9   1*12  FUEL  ! 3.1wt%-16
     assy_type     34  1*11   1*10  1*10  1*10  20*10  1*10  1*10  1*12  FUEL  ! 3.1wt%-24
     assy_type     81  27*13  REFL  ! 3.1 S
     assy_type     85  27*14  REFL  ! 3.1 SE
     assy_type     89  27*15  REFL  ! 3.1 E
     assy_type     91  27*16  REFL  ! no adf
     assy_type     99  27*17  REFL  ! corner
     crb_def   2   ! Total number of CR types
               1  0  2  1  0  1.27  102.87  361.95  500.0  ! Tip --> AIC -> B4C --> Follower
!              1      : first type, you only have one
!              3      : Needed a small plug for BP axial alignment
!              2      : PMAXS CR type 1, AIC
!              1      : PMAXS CR type 2, B4C
!              0      : PMAXS CR type 3, follower or empty
!              101.6  : From    0 to 101, is PMAXS CR Type 2
!              360.68 : From  101 to 360, is PMAXS CR Type 1
!              385.0  : From  360 to 285, is follower PMAXS 3
               2  1  0  360.68  500.0
      crb_type   8*1 1*2
     cr_axinfo      20.761 1.5875   ! Changed from 22.031 (5+17.031) to 20.761 to align BP rods
     bank_conf
TH
    unif_th        0.74300 600.0 291.85       ! cool den, ftemp(C), ctemp(C)
    fa_powpit      17.673575  21.50             ! assembly power(Mw) and pitch(cm)    3411MW/193 assm =
    gamma_frac     0.019                        ! direc heating fraction
    flow_cond      291.67  85.963               ! tin,cmfrfa(Kg/sec)
    n_pingt        264 25                       ! npin,ngt
    pin_dim        4.096  4.750  0.57   0.602   ! pelletrad,cladrad,cladthick,rgt(mm)
    hgap           8000.0                       ! hgap(w/M^2-C)
    n_ring         8                            ! number of meshes in pellet
    thmesh_x       1*1  8*1                     ! Number of T/H Nodes per FA in X-dir
    thmesh_y       1*1  8*1                     ! Number of T/H Nodes per FA in y-dir
    thmesh_z       1 2 3 4 5 6 7 8 9 10 11 12 13 14 15 16 17 18 19 20 21 22 23 24 25 26 27
DEPL
     HST_OPT        T  T  T  T  F             !LHCR,LHDC,LHPC,LHTF,LHTC
     OUT_OPT        F  T  T  T  F             !PPOW,PHST,PTHS,PXESM,PXSS
     HCR_BPRA       T
     PMAXS_F   1    './xsec/2.11b.PMAX'          1
     PMAXS_F   2    './xsec/2.62b.PMAX'          2
     PMAXS_F   3    './xsec/2.62b_bp16.PMAX'     3
     PMAXS_F   4    './xsec/2.62b_bp20.PMAX'     4
     PMAXS_F   5    './xsec/2.62b_bp24.PMAX'     5
     PMAXS_F   6    './xsec/3.10b.PMAX'           6
     PMAXS_F   7    './xsec/3.10b_bp08.PMAX'      7
     PMAXS_F   8    './xsec/3.10b_bp12.PMAX'      8
     PMAXS_F   9    './xsec/3.10b_bp16.PMAX'      9
     PMAXS_F  10    './xsec/3.10b_bp24.PMAX'     10
     PMAXS_F  11    './xsec/refl_bot.PMAX'     11
     PMAXS_F  12    './xsec/refl_top.PMAX'     12
     PMAXS_F  13    './xsec/refl_rad_S.PMAX'   13
     PMAXS_F  14    './xsec/refl_rad_SE.PMAX'  14
     PMAXS_F  15    './xsec/refl_rad_E.PMAX'   15
     PMAXS_F  16    './xsec/refl_rad.PMAX'     16
     PMAXS_F  17    './xsec/refl_crn.PMAX'     17
MCYCLE
      bank_def   1   400.0 400.0 400.0 186.0 400.0 400.0 400.0 400.0   0.0
      bank_def   2   400.0 400.0 400.0 192.0 400.0 400.0 400.0 400.0   0.0
      bank_def   3   400.0 400.0 400.0 219.0 400.0 400.0 400.0 400.0   0.0
      bank_def   4   400.0 400.0 400.0 218.0 400.0 400.0 400.0 400.0   0.0
      bank_def   5   400.0 400.0 400.0 219.0 400.0 400.0 400.0 400.0   0.0
      bank_def   6   400.0 400.0 400.0 215.0 400.0 400.0 400.0 400.0   0.0
      bank_def   7   400.0 400.0 400.0 217.0 400.0 400.0 400.0 400.0   0.0
      bank_def   8   400.0 400.0 400.0 220.0 400.0 400.0 400.0 400.0   0.0
      bank_def   9   400.0 400.0 400.0 220.0 400.0 400.0 400.0 400.0   0.0
      bank_def  10   400.0 400.0 400.0 219.0 400.0 400.0 400.0 400.0   0.0
      bank_def  11   400.0 400.0 400.0 214.0 400.0 400.0 400.0 400.0   0.0
      bank_def  12   400.0 400.0 400.0 216.0 400.0 400.0 400.0 400.0   0.0
      bank_def  13   400.0 400.0 400.0 214.0 400.0 400.0 400.0 400.0   0.0
      bank_def  14   400.0 400.0 400.0 220.0 400.0 400.0 400.0 400.0   0.0
      bank_def  15   400.0 400.0 400.0 218.0 400.0 400.0 400.0 400.0   0.0
      bank_def  16   400.0 400.0 400.0 222.0 400.0 400.0 400.0 400.0   0.0
      bank_def  17   400.0 400.0 400.0 220.0 400.0 400.0 400.0 400.0   0.0
      bank_def  18   400.0 400.0 400.0 222.0 400.0 400.0 400.0 400.0   0.0
      bank_def  19   400.0 400.0 400.0 211.0 400.0 400.0 400.0 400.0   0.0
      bank_def  20   400.0 400.0 400.0 215.0 400.0 400.0 400.0 400.0   0.0
      bank_def  21   400.0 400.0 400.0 211.0 400.0 400.0 400.0 400.0   0.0
      bank_def  22   400.0 400.0 400.0 217.0 400.0 400.0 400.0 400.0   0.0
      bank_def  23   400.0 400.0 400.0 215.0 400.0 400.0 400.0 400.0   0.0
      bank_def  24   400.0 400.0 400.0 220.0 400.0 400.0 400.0 400.0   0.0
      bank_def  25   400.0 400.0 400.0 219.0 400.0 400.0 400.0 400.0   0.0
      bank_def  26   400.0 400.0 400.0 202.0 400.0 400.0 400.0 400.0   0.0
      bank_def  27   400.0 400.0 400.0 220.0 400.0 400.0 400.0 400.0   0.0
      bank_def  28   400.0 400.0 400.0 224.0 400.0 400.0 400.0 400.0   0.0
      bank_def  29   400.0 400.0 400.0 228.0 400.0 400.0 400.0 400.0   0.0
      bank_def  30   400.0 400.0 400.0 230.0 400.0 400.0 400.0 400.0   0.0
      cycle_def     1
 00:00.01  Warning: Future inputs will require MCYC be enabled in CNTL                    
      bpra_pos          0     0     0     0     0     0     0     0     1
      depl_step       -0.346 -0.883 -0.691 -0.538 -0.538 -0.565 -0.503 -0.58 -0.495 -0.561 -0.572 -0.726 -0.465 -0.515 -0.514 -0.649 -0.461 -0.742 -0.499 -0.472 -0.672 -0.565 -0.807 -0.975 -0.734 -0.242 -0.465 -0.495 -0.669
      bank_seq       1      2      3      4      5      6      7      8      9     10     11     12     13     14     15     16     17     18     19     20     21     22     23     24     25     26     27     28     29    30.0
      power_lev     0.1   65.7   99.7   98.0  100.0   99.7   99.7   99.8   99.8   99.5   98.0   95.1   94.8   99.8   93.9  100.1   99.7  100.2   95.6   96.4   93.4   99.7   98.0   99.4   99.9   86.9   99.6   89.9   78.8   64.5
      inlet_ent  -564.9 -565.2 -565.5 -565.5 -565.8 -565.8 -565.8 -565.9 -565.6 -565.4 -565.4 -565.4 -565.4 -565.3 -565.1 -565.4 -565.3 -565.2 -565.4 -565.5 -565.1 -565.1 -565.2 -565.3 -565.3 -564.7 -565.4 -564.9 -564.5 -563.7
      flow_rate     30*85.93
      LOCATION
      SHUF_MAP   1   1           ! shuf index, shuf mode: 1-individual; 2-batch
      CYCLE_IND    1   0   1
      CONV_EC    0.1   1      ! convergence criterion (GWD/T), max number of iteration
.
